-------------------------------------------------------------------------------
Test set: com.nhlstenden.Controllers.SaveCommandTest
-------------------------------------------------------------------------------
Tests run: 9, Failures: 0, Errors: 2, Skipped: 0, Time elapsed: 0.087 s <<< FAILURE! -- in com.nhlstenden.Controllers.SaveCommandTest
com.nhlstenden.Controllers.SaveCommandTest.defaultErrorHandler_shouldNotShowDialogInHeadlessEnvironment -- Time elapsed: 0.016 s <<< ERROR!
org.mockito.exceptions.base.MockitoException: 

The used MockMaker PowerMockMaker does not support the creation of static mocks

Mockito's inline mock maker supports static mocks based on the Instrumentation API.
You can simply enable this mock mode, by placing the 'mockito-inline' artifact where you are currently using 'mockito-core'.
Note that Mockito's inline mock maker is not supported on Android.
	at com.nhlstenden.Controllers.SaveCommandTest.defaultErrorHandler_shouldNotShowDialogInHeadlessEnvironment(SaveCommandTest.java:144)
	at java.base/java.lang.reflect.Method.invoke(Method.java:580)
	at java.base/java.util.ArrayList.forEach(ArrayList.java:1596)
	at java.base/java.util.ArrayList.forEach(ArrayList.java:1596)

com.nhlstenden.Controllers.SaveCommandTest.defaultErrorHandler_shouldShowMessageDialogInNonHeadlessEnvironment -- Time elapsed: 0 s <<< ERROR!
org.mockito.exceptions.base.MockitoException: 

The used MockMaker PowerMockMaker does not support the creation of static mocks

Mockito's inline mock maker supports static mocks based on the Instrumentation API.
You can simply enable this mock mode, by placing the 'mockito-inline' artifact where you are currently using 'mockito-core'.
Note that Mockito's inline mock maker is not supported on Android.
	at com.nhlstenden.Controllers.SaveCommandTest.defaultErrorHandler_shouldShowMessageDialogInNonHeadlessEnvironment(SaveCommandTest.java:119)
	at java.base/java.lang.reflect.Method.invoke(Method.java:580)
	at java.base/java.util.ArrayList.forEach(ArrayList.java:1596)
	at java.base/java.util.ArrayList.forEach(ArrayList.java:1596)

