-------------------------------------------------------------------------------
Test set: com.nhlstenden.Slide.SlideViewerComponentTest
-------------------------------------------------------------------------------
Tests run: 7, Failures: 0, Errors: 3, Skipped: 0, Time elapsed: 0.072 s <<< FAILURE! -- in com.nhlstenden.Slide.SlideViewerComponentTest
com.nhlstenden.Slide.SlideViewerComponentTest.testGetParentFrame -- Time elapsed: 0.006 s <<< ERROR!
java.lang.ClassCastException: class javax.swing.JFrame cannot be cast to class com.nhlstenden.Slide.SlideViewerFrame (javax.swing.JFrame is in module java.desktop of loader 'bootstrap'; com.nhlstenden.Slide.SlideViewerFrame is in unnamed module of loader 'app')
	at com.nhlstenden.Slide.SlideViewerComponent.getParentFrame(SlideViewerComponent.java:29)
	at com.nhlstenden.Slide.SlideViewerComponentTest.testGetParentFrame(SlideViewerComponentTest.java:58)
	at java.base/java.lang.reflect.Method.invoke(Method.java:580)
	at java.base/java.util.ArrayList.forEach(ArrayList.java:1596)
	at java.base/java.util.ArrayList.forEach(ArrayList.java:1596)

com.nhlstenden.Slide.SlideViewerComponentTest.testPaintComponentWhenNoSlide -- Time elapsed: 0.013 s <<< ERROR!
org.mockito.exceptions.misusing.UnnecessaryStubbingException: 

Unnecessary stubbings detected.
Clean & maintainable test code requires zero unnecessary code.
Following stubbings are unnecessary (click to navigate to relevant line of code):
  1. -> at com.nhlstenden.Slide.SlideViewerComponentTest.testPaintComponentWhenNoSlide(SlideViewerComponentTest.java:93)
Please remove unnecessary stubbings or use 'lenient' strictness. More info: javadoc for UnnecessaryStubbingException class.
	at org.mockito.junit.jupiter.MockitoExtension.afterEach(MockitoExtension.java:197)
	at java.base/java.util.ArrayList.forEach(ArrayList.java:1596)
	at java.base/java.util.ArrayList.forEach(ArrayList.java:1596)

com.nhlstenden.Slide.SlideViewerComponentTest.testPaintComponentWithValidSlide -- Time elapsed: 0.003 s <<< ERROR!
org.mockito.exceptions.misusing.UnnecessaryStubbingException: 

Unnecessary stubbings detected.
Clean & maintainable test code requires zero unnecessary code.
Following stubbings are unnecessary (click to navigate to relevant line of code):
  1. -> at com.nhlstenden.Slide.SlideViewerComponentTest.testPaintComponentWithValidSlide(SlideViewerComponentTest.java:76)
Please remove unnecessary stubbings or use 'lenient' strictness. More info: javadoc for UnnecessaryStubbingException class.
	at org.mockito.junit.jupiter.MockitoExtension.afterEach(MockitoExtension.java:197)
	at java.base/java.util.ArrayList.forEach(ArrayList.java:1596)
	at java.base/java.util.ArrayList.forEach(ArrayList.java:1596)

