<?xml version="1.0" encoding="UTF-8"?>
<testsuite xmlns:xsi="http://www.w3.org/2001/XMLSchema-instance" xsi:noNamespaceSchemaLocation="https://maven.apache.org/surefire/maven-surefire-plugin/xsd/surefire-test-report-3.0.xsd" version="3.0" name="com.nhlstenden.Slide.BitmapTest" time="0.108" tests="5" errors="0" skipped="0" failures="0">
  <properties>
[...]
</properties>
  <testcase name="testBoundingBoxCalculation" classname="com.nhlstenden.Slide.BitmapTest" time="0.031"/>
  <testcase name="testBufferedImageCanBeNull" classname="com.nhlstenden.Slide.BitmapTest" time="0.019"/>
  <testcase name="testDraw" classname="com.nhlstenden.Slide.BitmapTest" time="0.019"/>
  <testcase name="testImageNameCanBeNull" classname="com.nhlstenden.Slide.BitmapTest" time="0.023"/>
  <testcase name="testToStringContainsAllFields" classname="com.nhlstenden.Slide.BitmapTest" time="0.013"/>
</testsuite>