<?xml version="1.0" encoding="UTF-8"?>
<testsuite xmlns:xsi="http://www.w3.org/2001/XMLSchema-instance" xsi:noNamespaceSchemaLocation="https://maven.apache.org/surefire/maven-surefire-plugin/xsd/surefire-test-report-3.0.xsd" version="3.0" name="com.nhlstenden.Controllers.KeyControllerTest" time="0.302" tests="14" errors="0" skipped="0" failures="0">
  <properties>
[...]
</properties>
  <testcase name="keyPressed_Minus_ShouldCallPrevSlide" classname="com.nhlstenden.Controllers.KeyControllerTest" time="0.245"/>
  <testcase name="keyPressed_PageUp_ShouldCallPrevSlide" classname="com.nhlstenden.Controllers.KeyControllerTest" time="0.005"/>
  <testcase name="keyPressed_NullKeyEvent_ShouldDoNothing" classname="com.nhlstenden.Controllers.KeyControllerTest" time="0.004"/>
  <testcase name="keyPressed_Plus_ShouldCallNextSlide" classname="com.nhlstenden.Controllers.KeyControllerTest" time="0.007"/>
  <testcase name="keyPressed_UpArrow_ShouldCallPrevSlide" classname="com.nhlstenden.Controllers.KeyControllerTest" time="0.003"/>
  <testcase name="keyPressed_NullPresentationPrevSlide_ShouldNotThrow" classname="com.nhlstenden.Controllers.KeyControllerTest" time="0.003"/>
  <testcase name="keyPressed_DownArrow_ShouldCallNextSlide" classname="com.nhlstenden.Controllers.KeyControllerTest" time="0.004"/>
  <testcase name="keyPressed_NullPresentationNextSlide_ShouldNotThrow" classname="com.nhlstenden.Controllers.KeyControllerTest" time="0.0"/>
  <testcase name="keyPressed_DefaultCase_ShouldDoNothing" classname="com.nhlstenden.Controllers.KeyControllerTest" time="0.0"/>
  <testcase name="keyPressed_PageDown_ShouldCallNextSlide" classname="com.nhlstenden.Controllers.KeyControllerTest" time="0.01"/>
  <testcase name="keyPressed_Enter_ShouldCallNextSlide" classname="com.nhlstenden.Controllers.KeyControllerTest" time="0.005"/>
  <testcase name="keyPressed_UppercaseQ_ShouldCallExitHandler" classname="com.nhlstenden.Controllers.KeyControllerTest" time="0.006"/>
  <testcase name="keyPressed_LowercaseQ_ShouldCallExitHandler" classname="com.nhlstenden.Controllers.KeyControllerTest" time="0.0"/>
  <testcase name="keyPressed_NullPresentationWithExit_ShouldStillExit" classname="com.nhlstenden.Controllers.KeyControllerTest" time="0.01"/>
</testsuite>